<?xml version="1.0" encoding="UTF-8"?>
<testng-results ignored="0" total="2" passed="2" failed="0" skipped="0">
  <reporter-output>
  </reporter-output>
  <suite started-at="2024-10-22T12:29:01 IST" name="Default suite" finished-at="2024-10-22T12:29:14 IST" duration-ms="12856">
    <groups>
    </groups>
    <test started-at="2024-10-22T12:29:01 IST" name="Default test" finished-at="2024-10-22T12:29:14 IST" duration-ms="12856">
      <class name="project.Functional">
        <test-method is-config="true" signature="setup()[pri:0, instance:project.Functional@2fb3536e]" started-at="2024-10-22T12:29:01 IST" name="setup" finished-at="2024-10-22T12:29:06 IST" duration-ms="4728" status="PASS">
          <reporter-output>
          </reporter-output>
        </test-method> <!-- setup -->
        <test-method signature="login()[pri:0, instance:project.Functional@2fb3536e]" started-at="2024-10-22T12:29:06 IST" name="login" finished-at="2024-10-22T12:29:10 IST" duration-ms="3376" status="PASS">
          <reporter-output>
          </reporter-output>
        </test-method> <!-- login -->
        <test-method signature="pagecheck()[pri:0, instance:project.Functional@2fb3536e]" started-at="2024-10-22T12:29:10 IST" name="pagecheck" finished-at="2024-10-22T12:29:10 IST" duration-ms="26" status="PASS">
          <reporter-output>
          </reporter-output>
        </test-method> <!-- pagecheck -->
        <test-method is-config="true" signature="teardown()[pri:0, instance:project.Functional@2fb3536e]" started-at="2024-10-22T12:29:10 IST" name="teardown" finished-at="2024-10-22T12:29:14 IST" duration-ms="4676" status="PASS">
          <reporter-output>
          </reporter-output>
        </test-method> <!-- teardown -->
      </class> <!-- project.Functional -->
    </test> <!-- Default test -->
  </suite> <!-- Default suite -->
</testng-results>
