<?xml version="1.0" encoding="UTF-8"?>
<testng-results ignored="0" total="1" passed="1" failed="0" skipped="0">
  <reporter-output>
  </reporter-output>
  <suite started-at="2024-11-27T08:43:17 IST" name="Default suite" finished-at="2024-11-27T08:43:35 IST" duration-ms="17540">
    <groups>
    </groups>
    <test started-at="2024-11-27T08:43:17 IST" name="Default test" finished-at="2024-11-27T08:43:35 IST" duration-ms="17540">
      <class name="project.Mortage">
        <test-method is-config="true" signature="setup()[pri:0, instance:project.Mortage@20ccf40b]" started-at="2024-11-27T08:43:17 IST" name="setup" finished-at="2024-11-27T08:43:26 IST" duration-ms="9086" status="PASS">
          <reporter-output>
          </reporter-output>
        </test-method> <!-- setup -->
        <test-method signature="cal()[pri:0, instance:project.Mortage@20ccf40b]" started-at="2024-11-27T08:43:26 IST" name="cal" finished-at="2024-11-27T08:43:33 IST" duration-ms="6898" status="PASS">
          <reporter-output>
          </reporter-output>
        </test-method> <!-- cal -->
        <test-method is-config="true" signature="teardown()[pri:0, instance:project.Mortage@20ccf40b]" started-at="2024-11-27T08:43:33 IST" name="teardown" finished-at="2024-11-27T08:43:35 IST" duration-ms="1508" status="PASS">
          <reporter-output>
          </reporter-output>
        </test-method> <!-- teardown -->
      </class> <!-- project.Mortage -->
    </test> <!-- Default test -->
  </suite> <!-- Default suite -->
</testng-results>
